[2017-02-22 20:49:08] ws.listening.INFO: User is not anymore active listening [] []
[2017-02-22 20:49:11] ws.listening.INFO: User is now active listening [] []
[2017-02-22 20:49:15] ws.listening.INFO: User is not anymore active listening [] []
[2017-02-22 20:49:19] ws.listening.INFO: User is now active listening [] []
[2017-02-22 20:49:22] ws.listening.INFO: User is not anymore active listening [] []
[2017-02-22 20:49:36] ws.listening.INFO: User is now active listening [] []
[2017-02-22 20:49:36] ws.listening.INFO: New Service created:  {"user_id":"b0cc2642-f904-11e6-b0df-d3f657d113e9","curriculum":"Ich balse gerne Schwu00e4nze","minPrice":0,"level":"A","genderM":0,"genderF":0,"genderT":0,"id":"00a177b1-a841-4b7f-b733-428166846e73"} []
[2017-02-22 20:49:54] ws.listening.INFO: User is not anymore active listening [] []
[2017-02-22 20:49:56] ws.listening.INFO: User is now active listening [] []
[2017-02-22 20:51:30] ws.listening.INFO: User is not anymore active listening [] []
[2017-02-22 20:51:34] ws.listening.INFO: User is now active listening [] []
[2017-02-22 20:52:04] ws.listening.INFO: User is not anymore active listening [] []
[2017-02-22 20:52:11] ws.listening.INFO: User is now active listening [] []
[2017-02-22 21:22:16] ws.listening.INFO: User is not anymore active listening [] []
[2017-02-22 21:22:22] ws.listening.INFO: User is now active listening [] []
[2017-02-22 21:23:21] ws.listening.INFO: User is not anymore active listening [] []
[2017-02-22 21:23:25] ws.listening.INFO: User is now active listening [] []
[2017-02-22 21:23:25] ws.listening.ERROR: Fehler beim Service: exception 'Exception' with message 'No gender selected' in C:\xampp\htdocs\escortme\webapp\ws\class\service\serviceservice.class.php:47
Stack trace:
#0 C:\xampp\htdocs\escortme\webapp\ws\class\service\serviceservice.class.php(66): ServiceService->validate(Array)
#1 C:\xampp\htdocs\escortme\webapp\ws\class\service\listeningservice.class.php(26): ServiceService->create(Array)
#2 C:\xampp\htdocs\escortme\webapp\ws\listening.php(22): ListeningService->enable(Array)
#3 {main} {"listening":"1","curriculum":"","minPrice":"","level":"A","genderM":"false","genderF":"false","genderT":"false"} []
[2017-02-22 22:47:12] ws.listening.INFO: User is not anymore active listening [] []
[2017-02-22 23:47:23] ws.listening.INFO: User is now active listening [] []
[2017-02-22 23:47:23] ws.listening.ERROR: Fehler beim Service: exception 'Exception' with message 'No gender selected' in C:\xampp\htdocs\escortme\webapp\ws\class\service\serviceservice.class.php:48
Stack trace:
#0 C:\xampp\htdocs\escortme\webapp\ws\class\service\serviceservice.class.php(67): ServiceService->validate(Array)
#1 C:\xampp\htdocs\escortme\webapp\ws\class\service\listeningservice.class.php(26): ServiceService->create(Array)
#2 C:\xampp\htdocs\escortme\webapp\ws\listening.php(22): ListeningService->enable(Array)
#3 {main} {"listening":"1","curriculum":"","minPrice":"","level":"A","genderM":"false","genderF":"false","genderT":"false"} []
[2017-02-23 21:29:01] ws.listening.INFO: User is not anymore active listening [] []
[2017-02-23 21:29:03] ws.listening.INFO: User is now active listening [] []
[2017-02-23 21:29:04] ws.listening.ERROR: Fehler beim Service: exception 'Exception' with message 'No gender selected' in C:\xampp\htdocs\escortme\webapp\ws\class\service\serviceservice.class.php:48
Stack trace:
#0 C:\xampp\htdocs\escortme\webapp\ws\class\service\serviceservice.class.php(67): ServiceService->validate(Array)
#1 C:\xampp\htdocs\escortme\webapp\ws\class\service\listeningservice.class.php(26): ServiceService->create(Array)
#2 C:\xampp\htdocs\escortme\webapp\ws\listening.php(22): ListeningService->enable(Array)
#3 {main} {"listening":"1","curriculum":"","minPrice":"","level":"A","genderM":"false","genderF":"false","genderT":"false"} []
[2017-02-23 22:35:41] ws.listening.INFO: User is now active listening [] []
[2017-02-23 23:04:46] ws.listening.INFO: User is not anymore active listening [] []
[2017-02-23 23:05:56] ws.listening.INFO: User is now active listening [] []
[2017-02-23 23:06:09] ws.listening.INFO: User is not anymore active listening [] []
[2017-02-23 23:06:11] ws.listening.INFO: User is now active listening [] []
[2017-02-23 23:06:58] ws.listening.INFO: User is not anymore active listening [] []
[2017-02-23 23:09:59] ws.listening.INFO: User is now active listening [] []
[2017-02-23 23:10:17] ws.listening.INFO: User is not anymore active listening [] []
[2017-02-23 23:10:20] ws.listening.INFO: User is now active listening [] []
[2017-02-23 23:10:20] ws.listening.ERROR: Fehler beim Service: exception 'Exception' with message 'No gender selected' in C:\xampp\htdocs\escortme\webapp\ws\class\service\serviceservice.class.php:48
Stack trace:
#0 C:\xampp\htdocs\escortme\webapp\ws\class\service\serviceservice.class.php(67): ServiceService->validate(Array)
#1 C:\xampp\htdocs\escortme\webapp\ws\class\service\listeningservice.class.php(26): ServiceService->create(Array)
#2 C:\xampp\htdocs\escortme\webapp\ws\listening.php(22): ListeningService->enable(Array)
#3 {main} {"listening":"1","curriculum":"","minPrice":"","level":"A","genderM":"false","genderF":"false","genderT":"false"} []
[2017-02-23 23:10:34] ws.listening.INFO: User is not anymore active listening [] []
[2017-02-23 23:11:05] ws.listening.INFO: User is now active listening [] []
[2017-02-23 23:11:05] ws.listening.ERROR: Fehler beim Service: exception 'Exception' with message 'No gender selected' in C:\xampp\htdocs\escortme\webapp\ws\class\service\serviceservice.class.php:48
Stack trace:
#0 C:\xampp\htdocs\escortme\webapp\ws\class\service\serviceservice.class.php(67): ServiceService->validate(Array)
#1 C:\xampp\htdocs\escortme\webapp\ws\class\service\listeningservice.class.php(26): ServiceService->create(Array)
#2 C:\xampp\htdocs\escortme\webapp\ws\listening.php(22): ListeningService->enable(Array)
#3 {main} {"listening":"1","curriculum":"","minPrice":"","level":"A","genderM":"false","genderF":"false","genderT":"false"} []
[2017-02-24 00:18:13] ws.listening.INFO: User is not anymore active listening [] []
[2017-02-24 00:18:53] ws.listening.INFO: User is now active listening [] []
[2017-02-24 00:21:59] ws.listening.INFO: User is not anymore active listening [] []
[2017-02-24 00:22:01] ws.listening.INFO: User is now active listening [] []
[2017-02-24 00:22:09] ws.listening.INFO: User is not anymore active listening [] []
[2017-02-24 00:22:14] ws.listening.INFO: User is now active listening [] []
[2017-02-24 00:22:32] ws.listening.INFO: User is not anymore active listening [] []
[2017-02-24 00:22:35] ws.listening.INFO: User is now active listening [] []
[2017-02-24 00:23:24] ws.listening.INFO: User is not anymore active listening [] []
[2017-02-24 00:23:38] ws.listening.INFO: User is now active listening [] []
[2017-02-24 00:26:18] ws.listening.INFO: User is not anymore active listening [] []
[2017-02-24 00:26:21] ws.listening.INFO: User is now active listening [] []
[2017-02-24 00:26:21] ws.listening.ERROR: Fehler beim Service: exception 'Exception' with message 'No gender selected' in C:\xampp\htdocs\escortme\webapp\ws\class\service\serviceservice.class.php:48
Stack trace:
#0 C:\xampp\htdocs\escortme\webapp\ws\class\service\serviceservice.class.php(67): ServiceService->validate(Array)
#1 C:\xampp\htdocs\escortme\webapp\ws\class\service\listeningservice.class.php(26): ServiceService->create(Array)
#2 C:\xampp\htdocs\escortme\webapp\ws\listening.php(22): ListeningService->enable(Array)
#3 {main} {"listening":"1","curriculum":"","minPrice":"","level":"A","genderM":"false","genderF":"false","genderT":"false"} []
[2017-02-24 00:26:58] ws.listening.INFO: User is not anymore active listening [] []
[2017-02-24 00:27:04] ws.listening.INFO: User is now active listening [] []
